app/build/intermediates/manifest_merge_blame_file/debug/manifest-merger-blame-debug-report.txt
1<?xml version="1.0" encoding="utf-8"?>
2<manifest xmlns:android="http://schemas.android.com/apk/res/android"
3    package="com.example.lokala"
4    android:versionCode="1"
5    android:versionName="1.0" >
6
7    <uses-sdk
8        android:minSdkVersion="29"
8-->src\main\AndroidManifest.xml
9        android:targetSdkVersion="34" />
9-->src\main\AndroidManifest.xml
10
11    <uses-permission android:name="android.permission.INTERNET" />
11-->src\main\AndroidManifest.xml:5:5-67
11-->src\main\AndroidManifest.xml:5:22-64
12    <uses-permission android:name="android.permission.READ_EXTERNAL_STORAGE" />
12-->src\main\AndroidManifest.xml:6:5-80
12-->src\main\AndroidManifest.xml:6:22-77
13
14    <!-- This permission is required to check the state of and information about the current network. -->
15    <uses-permission android:name="android.permission.ACCESS_NETWORK_STATE" /> <!-- This permission is required to start foreground services in Android P. -->
15-->[com.google.android.gms:play-services-cast-framework:21.4.0] AndroidManifest.xml:10:5-79
15-->[com.google.android.gms:play-services-cast-framework:21.4.0] AndroidManifest.xml:10:22-76
16    <uses-permission android:name="android.permission.FOREGROUND_SERVICE" />
16-->[com.google.android.gms:play-services-cast-framework:21.4.0] AndroidManifest.xml:12:5-77
16-->[com.google.android.gms:play-services-cast-framework:21.4.0] AndroidManifest.xml:12:22-74
17
18    <queries>
18-->[com.google.android.gms:play-services-cast-framework:21.4.0] AndroidManifest.xml:14:5-16:15
19        <package android:name="com.google.android.gms.policy_cast_dynamite" />
19-->[com.google.android.gms:play-services-cast-framework:21.4.0] AndroidManifest.xml:15:9-79
19-->[com.google.android.gms:play-services-cast-framework:21.4.0] AndroidManifest.xml:15:18-76
20        <!-- Needs to be explicitly declared on Android R+ -->
21        <package android:name="com.google.android.apps.maps" />
21-->[com.google.android.gms:play-services-maps:18.2.0] AndroidManifest.xml:33:9-64
21-->[com.google.android.gms:play-services-maps:18.2.0] AndroidManifest.xml:33:18-61
22    </queries>
23
24    <uses-feature
24-->[com.google.android.gms:play-services-maps:18.2.0] AndroidManifest.xml:26:5-28:35
25        android:glEsVersion="0x00020000"
25-->[com.google.android.gms:play-services-maps:18.2.0] AndroidManifest.xml:27:9-41
26        android:required="true" />
26-->[com.google.android.gms:play-services-maps:18.2.0] AndroidManifest.xml:28:9-32
27
28    <permission
28-->[androidx.core:core:1.12.0] AndroidManifest.xml:22:5-24:47
29        android:name="com.example.lokala.DYNAMIC_RECEIVER_NOT_EXPORTED_PERMISSION"
29-->[androidx.core:core:1.12.0] AndroidManifest.xml:23:9-81
30        android:protectionLevel="signature" />
30-->[androidx.core:core:1.12.0] AndroidManifest.xml:24:9-44
31
32    <uses-permission android:name="com.example.lokala.DYNAMIC_RECEIVER_NOT_EXPORTED_PERMISSION" />
32-->[androidx.core:core:1.12.0] AndroidManifest.xml:26:5-97
32-->[androidx.core:core:1.12.0] AndroidManifest.xml:26:22-94
33
34    <application
34-->src\main\AndroidManifest.xml:9:5-74:15
35        android:allowBackup="true"
35-->src\main\AndroidManifest.xml:10:9-35
36        android:appComponentFactory="androidx.core.app.CoreComponentFactory"
36-->[androidx.core:core:1.12.0] AndroidManifest.xml:28:18-86
37        android:dataExtractionRules="@xml/data_extraction_rules"
37-->src\main\AndroidManifest.xml:11:9-65
38        android:debuggable="true"
39        android:extractNativeLibs="false"
40        android:fullBackupContent="@xml/backup_rules"
40-->src\main\AndroidManifest.xml:12:9-54
41        android:icon="@mipmap/ic_launcher"
41-->src\main\AndroidManifest.xml:13:9-43
42        android:label="@string/app_name"
42-->src\main\AndroidManifest.xml:14:9-41
43        android:roundIcon="@mipmap/ic_launcher_round"
43-->src\main\AndroidManifest.xml:15:9-54
44        android:supportsRtl="true"
44-->src\main\AndroidManifest.xml:16:9-35
45        android:theme="@style/Theme.Lokala" >
45-->src\main\AndroidManifest.xml:17:9-44
46        <activity
46-->src\main\AndroidManifest.xml:19:9-22:40
47            android:name="com.example.lokala.ui.foto.FotoActivity"
47-->src\main\AndroidManifest.xml:20:13-49
48            android:exported="false"
48-->src\main\AndroidManifest.xml:22:13-37
49            android:screenOrientation="portrait" />
49-->src\main\AndroidManifest.xml:21:13-49
50        <activity
50-->src\main\AndroidManifest.xml:23:9-26:52
51            android:name="com.example.lokala.ui.user.UserActivity"
51-->src\main\AndroidManifest.xml:24:13-49
52            android:exported="false"
52-->src\main\AndroidManifest.xml:25:13-37
53            android:screenOrientation="portrait" />
53-->src\main\AndroidManifest.xml:26:13-49
54        <activity
54-->src\main\AndroidManifest.xml:27:9-31:52
55            android:name="com.example.lokala.ui.orangHilang.tambah.TambahOrangHilangActivity"
55-->src\main\AndroidManifest.xml:29:13-76
56            android:exported="false"
56-->src\main\AndroidManifest.xml:30:13-37
57            android:screenOrientation="portrait" />
57-->src\main\AndroidManifest.xml:31:13-49
58        <activity
58-->src\main\AndroidManifest.xml:33:9-36:52
59            android:name="com.example.lokala.ui.orangHilang.detail.DetailOrangHilangActivity"
59-->src\main\AndroidManifest.xml:34:13-76
60            android:exported="false"
60-->src\main\AndroidManifest.xml:35:13-37
61            android:screenOrientation="portrait" />
61-->src\main\AndroidManifest.xml:36:13-49
62        <activity
62-->src\main\AndroidManifest.xml:39:9-43:51
63            android:name="com.example.lokala.ui.home.MainActivity"
63-->src\main\AndroidManifest.xml:40:13-49
64            android:exported="true"
64-->src\main\AndroidManifest.xml:41:13-36
65            android:theme="@style/Theme.lokala" />
65-->src\main\AndroidManifest.xml:43:13-48
66        <activity
66-->src\main\AndroidManifest.xml:46:9-49:52
67            android:name="com.example.lokala.ui.login.LoginActivity"
67-->src\main\AndroidManifest.xml:47:13-51
68            android:exported="false"
68-->src\main\AndroidManifest.xml:48:13-37
69            android:screenOrientation="portrait" />
69-->src\main\AndroidManifest.xml:49:13-49
70        <activity
70-->src\main\AndroidManifest.xml:51:9-54:52
71            android:name="com.example.lokala.ui.guide.GuideActivity"
71-->src\main\AndroidManifest.xml:52:13-51
72            android:exported="false"
72-->src\main\AndroidManifest.xml:53:13-37
73            android:screenOrientation="portrait" />
73-->src\main\AndroidManifest.xml:54:13-49
74        <activity
74-->src\main\AndroidManifest.xml:56:9-66:20
75            android:name="com.example.lokala.ui.splash_screen.SplashScreen"
75-->src\main\AndroidManifest.xml:57:13-58
76            android:exported="true"
76-->src\main\AndroidManifest.xml:58:13-36
77            android:screenOrientation="portrait" >
77-->src\main\AndroidManifest.xml:59:13-49
78            <intent-filter>
78-->src\main\AndroidManifest.xml:60:13-64:29
79                <action android:name="android.intent.action.MAIN" />
79-->src\main\AndroidManifest.xml:61:17-69
79-->src\main\AndroidManifest.xml:61:25-66
80
81                <category android:name="android.intent.category.LAUNCHER" />
81-->src\main\AndroidManifest.xml:63:17-77
81-->src\main\AndroidManifest.xml:63:27-74
82            </intent-filter>
83        </activity>
84
85        <meta-data
85-->src\main\AndroidManifest.xml:68:9-70:57
86            android:name="preloaded_fonts"
86-->src\main\AndroidManifest.xml:69:13-43
87            android:resource="@array/preloaded_fonts" />
87-->src\main\AndroidManifest.xml:70:13-54
88
89        <service
89-->[androidx.room:room-runtime:2.6.1] AndroidManifest.xml:24:9-28:63
90            android:name="androidx.room.MultiInstanceInvalidationService"
90-->[androidx.room:room-runtime:2.6.1] AndroidManifest.xml:25:13-74
91            android:directBootAware="true"
91-->[androidx.room:room-runtime:2.6.1] AndroidManifest.xml:26:13-43
92            android:exported="false" />
92-->[androidx.room:room-runtime:2.6.1] AndroidManifest.xml:27:13-37
93
94        <provider
94-->[com.squareup.picasso:picasso:2.71828] AndroidManifest.xml:8:9-11:40
95            android:name="com.squareup.picasso.PicassoProvider"
95-->[com.squareup.picasso:picasso:2.71828] AndroidManifest.xml:9:13-64
96            android:authorities="com.example.lokala.com.squareup.picasso"
96-->[com.squareup.picasso:picasso:2.71828] AndroidManifest.xml:10:13-72
97            android:exported="false" />
97-->[com.squareup.picasso:picasso:2.71828] AndroidManifest.xml:11:13-37
98
99        <receiver
99-->[com.google.android.gms:play-services-cast-framework:21.4.0] AndroidManifest.xml:19:9-21:40
100            android:name="com.google.android.gms.cast.framework.media.MediaIntentReceiver"
100-->[com.google.android.gms:play-services-cast-framework:21.4.0] AndroidManifest.xml:20:13-91
101            android:exported="false" />
101-->[com.google.android.gms:play-services-cast-framework:21.4.0] AndroidManifest.xml:21:13-37
102
103        <service
103-->[com.google.android.gms:play-services-cast-framework:21.4.0] AndroidManifest.xml:23:9-25:40
104            android:name="com.google.android.gms.cast.framework.ReconnectionService"
104-->[com.google.android.gms:play-services-cast-framework:21.4.0] AndroidManifest.xml:24:13-85
105            android:exported="false" /> <!-- Needs to be explicitly declared on P+ -->
105-->[com.google.android.gms:play-services-cast-framework:21.4.0] AndroidManifest.xml:25:13-37
106        <uses-library
106-->[com.google.android.gms:play-services-maps:18.2.0] AndroidManifest.xml:39:9-41:40
107            android:name="org.apache.http.legacy"
107-->[com.google.android.gms:play-services-maps:18.2.0] AndroidManifest.xml:40:13-50
108            android:required="false" />
108-->[com.google.android.gms:play-services-maps:18.2.0] AndroidManifest.xml:41:13-37
109
110        <activity
110-->[com.google.android.gms:play-services-base:18.1.0] AndroidManifest.xml:20:9-22:45
111            android:name="com.google.android.gms.common.api.GoogleApiActivity"
111-->[com.google.android.gms:play-services-base:18.1.0] AndroidManifest.xml:20:19-85
112            android:exported="false"
112-->[com.google.android.gms:play-services-base:18.1.0] AndroidManifest.xml:22:19-43
113            android:theme="@android:style/Theme.Translucent.NoTitleBar" />
113-->[com.google.android.gms:play-services-base:18.1.0] AndroidManifest.xml:21:19-78
114
115        <meta-data
115-->[com.google.android.gms:play-services-basement:18.1.0] AndroidManifest.xml:21:9-23:69
116            android:name="com.google.android.gms.version"
116-->[com.google.android.gms:play-services-basement:18.1.0] AndroidManifest.xml:22:13-58
117            android:value="@integer/google_play_services_version" />
117-->[com.google.android.gms:play-services-basement:18.1.0] AndroidManifest.xml:23:13-66
118
119        <provider
119-->[androidx.emoji2:emoji2:1.2.0] AndroidManifest.xml:24:9-32:20
120            android:name="androidx.startup.InitializationProvider"
120-->[androidx.emoji2:emoji2:1.2.0] AndroidManifest.xml:25:13-67
121            android:authorities="com.example.lokala.androidx-startup"
121-->[androidx.emoji2:emoji2:1.2.0] AndroidManifest.xml:26:13-68
122            android:exported="false" >
122-->[androidx.emoji2:emoji2:1.2.0] AndroidManifest.xml:27:13-37
123            <meta-data
123-->[androidx.emoji2:emoji2:1.2.0] AndroidManifest.xml:29:13-31:52
124                android:name="androidx.emoji2.text.EmojiCompatInitializer"
124-->[androidx.emoji2:emoji2:1.2.0] AndroidManifest.xml:30:17-75
125                android:value="androidx.startup" />
125-->[androidx.emoji2:emoji2:1.2.0] AndroidManifest.xml:31:17-49
126            <meta-data
126-->[androidx.lifecycle:lifecycle-process:2.6.2] AndroidManifest.xml:29:13-31:52
127                android:name="androidx.lifecycle.ProcessLifecycleInitializer"
127-->[androidx.lifecycle:lifecycle-process:2.6.2] AndroidManifest.xml:30:17-78
128                android:value="androidx.startup" />
128-->[androidx.lifecycle:lifecycle-process:2.6.2] AndroidManifest.xml:31:17-49
129            <meta-data
129-->[androidx.profileinstaller:profileinstaller:1.3.0] AndroidManifest.xml:29:13-31:52
130                android:name="androidx.profileinstaller.ProfileInstallerInitializer"
130-->[androidx.profileinstaller:profileinstaller:1.3.0] AndroidManifest.xml:30:17-85
131                android:value="androidx.startup" />
131-->[androidx.profileinstaller:profileinstaller:1.3.0] AndroidManifest.xml:31:17-49
132        </provider>
133
134        <uses-library
134-->[androidx.window:window:1.0.0] AndroidManifest.xml:25:9-27:40
135            android:name="androidx.window.extensions"
135-->[androidx.window:window:1.0.0] AndroidManifest.xml:26:13-54
136            android:required="false" />
136-->[androidx.window:window:1.0.0] AndroidManifest.xml:27:13-37
137        <uses-library
137-->[androidx.window:window:1.0.0] AndroidManifest.xml:28:9-30:40
138            android:name="androidx.window.sidecar"
138-->[androidx.window:window:1.0.0] AndroidManifest.xml:29:13-51
139            android:required="false" />
139-->[androidx.window:window:1.0.0] AndroidManifest.xml:30:13-37
140
141        <receiver
141-->[androidx.profileinstaller:profileinstaller:1.3.0] AndroidManifest.xml:34:9-52:20
142            android:name="androidx.profileinstaller.ProfileInstallReceiver"
142-->[androidx.profileinstaller:profileinstaller:1.3.0] AndroidManifest.xml:35:13-76
143            android:directBootAware="false"
143-->[androidx.profileinstaller:profileinstaller:1.3.0] AndroidManifest.xml:36:13-44
144            android:enabled="true"
144-->[androidx.profileinstaller:profileinstaller:1.3.0] AndroidManifest.xml:37:13-35
145            android:exported="true"
145-->[androidx.profileinstaller:profileinstaller:1.3.0] AndroidManifest.xml:38:13-36
146            android:permission="android.permission.DUMP" >
146-->[androidx.profileinstaller:profileinstaller:1.3.0] AndroidManifest.xml:39:13-57
147            <intent-filter>
147-->[androidx.profileinstaller:profileinstaller:1.3.0] AndroidManifest.xml:40:13-42:29
148                <action android:name="androidx.profileinstaller.action.INSTALL_PROFILE" />
148-->[androidx.profileinstaller:profileinstaller:1.3.0] AndroidManifest.xml:41:17-91
148-->[androidx.profileinstaller:profileinstaller:1.3.0] AndroidManifest.xml:41:25-88
149            </intent-filter>
150            <intent-filter>
150-->[androidx.profileinstaller:profileinstaller:1.3.0] AndroidManifest.xml:43:13-45:29
151                <action android:name="androidx.profileinstaller.action.SKIP_FILE" />
151-->[androidx.profileinstaller:profileinstaller:1.3.0] AndroidManifest.xml:44:17-85
151-->[androidx.profileinstaller:profileinstaller:1.3.0] AndroidManifest.xml:44:25-82
152            </intent-filter>
153            <intent-filter>
153-->[androidx.profileinstaller:profileinstaller:1.3.0] AndroidManifest.xml:46:13-48:29
154                <action android:name="androidx.profileinstaller.action.SAVE_PROFILE" />
154-->[androidx.profileinstaller:profileinstaller:1.3.0] AndroidManifest.xml:47:17-88
154-->[androidx.profileinstaller:profileinstaller:1.3.0] AndroidManifest.xml:47:25-85
155            </intent-filter>
156            <intent-filter>
156-->[androidx.profileinstaller:profileinstaller:1.3.0] AndroidManifest.xml:49:13-51:29
157                <action android:name="androidx.profileinstaller.action.BENCHMARK_OPERATION" />
157-->[androidx.profileinstaller:profileinstaller:1.3.0] AndroidManifest.xml:50:17-95
157-->[androidx.profileinstaller:profileinstaller:1.3.0] AndroidManifest.xml:50:25-92
158            </intent-filter>
159        </receiver>
160
161        <service
161-->[com.google.android.datatransport:transport-backend-cct:3.1.3] AndroidManifest.xml:29:9-35:19
162            android:name="com.google.android.datatransport.runtime.backends.TransportBackendDiscovery"
162-->[com.google.android.datatransport:transport-backend-cct:3.1.3] AndroidManifest.xml:30:13-103
163            android:exported="false" >
163-->[com.google.android.datatransport:transport-backend-cct:3.1.3] AndroidManifest.xml:31:13-37
164            <meta-data
164-->[com.google.android.datatransport:transport-backend-cct:3.1.3] AndroidManifest.xml:32:13-34:39
165                android:name="backend:com.google.android.datatransport.cct.CctBackendFactory"
165-->[com.google.android.datatransport:transport-backend-cct:3.1.3] AndroidManifest.xml:33:17-94
166                android:value="cct" />
166-->[com.google.android.datatransport:transport-backend-cct:3.1.3] AndroidManifest.xml:34:17-36
167        </service>
168        <service
168-->[com.google.android.datatransport:transport-runtime:3.1.3] AndroidManifest.xml:26:9-30:19
169            android:name="com.google.android.datatransport.runtime.scheduling.jobscheduling.JobInfoSchedulerService"
169-->[com.google.android.datatransport:transport-runtime:3.1.3] AndroidManifest.xml:27:13-117
170            android:exported="false"
170-->[com.google.android.datatransport:transport-runtime:3.1.3] AndroidManifest.xml:28:13-37
171            android:permission="android.permission.BIND_JOB_SERVICE" >
171-->[com.google.android.datatransport:transport-runtime:3.1.3] AndroidManifest.xml:29:13-69
172        </service>
173
174        <receiver
174-->[com.google.android.datatransport:transport-runtime:3.1.3] AndroidManifest.xml:32:9-34:40
175            android:name="com.google.android.datatransport.runtime.scheduling.jobscheduling.AlarmManagerSchedulerBroadcastReceiver"
175-->[com.google.android.datatransport:transport-runtime:3.1.3] AndroidManifest.xml:33:13-132
176            android:exported="false" />
176-->[com.google.android.datatransport:transport-runtime:3.1.3] AndroidManifest.xml:34:13-37
177    </application>
178
179</manifest>